Build started 11/6/2015 4:31:21 PM.
     1>Project "C:\Users\lauben\Documents\Cocos\CocosProjects\ECE2019-musicapp-3b616e19bcfc\proj.win32\KaraokeProject.vcxproj" on node 2 (Build target(s)).
     1>ClCompile:
         C:\Program Files (x86)\Microsoft Visual Studio 14.0\VC\bin\CL.exe /c /I"C:\Cocos\frameworks\cocos2d-x-3.8\cocos\audio\include" /I"C:\Cocos\frameworks\cocos2d-x-3.8\external" /I"C:\Cocos\frameworks\cocos2d-x-3.8\external\chipmunk\include\chipmunk" /I"C:\Cocos\frameworks\cocos2d-x-3.8\extensions" /I..\Classes /I.. /I"C:\Cocos\frameworks\cocos2d-x-3.8\cocos\2d\..\..\cocos\editor-support" /I"C:\Cocos\frameworks\cocos2d-x-3.8\cocos\2d\..\..\cocos" /I"C:\Cocos\frameworks\cocos2d-x-3.8\cocos\2d\..\..\cocos\platform" /I"C:\Cocos\frameworks\cocos2d-x-3.8\cocos\2d\..\..\cocos\platform\desktop" /I"C:\Cocos\frameworks\cocos2d-x-3.8\cocos\2d\..\..\external\glfw3\include\win32" /I"C:\Cocos\frameworks\cocos2d-x-3.8\cocos\2d\..\..\external\win32-specific\gles\include\OGLES" /I"C:\Cocos\frameworks\cocos2d-x-3.8\cocos\2d\..\..\external\freetype2\include\win32\freetype2" /I"C:\Cocos\frameworks\cocos2d-x-3.8\cocos\2d\..\..\external\freetype2\include\win32\\" /I"C:\Cocos\frameworks\cocos2d-x-3.8\cocos\2d\..\..\external" /ZI /nologo /W3 /WX- /MP /Od /Oy- /D WIN32 /D _WINDOWS /D _USE_MATH_DEFINES /D GL_GLEXT_PROTOTYPES /D CC_ENABLE_CHIPMUNK_INTEGRATION=1 /D COCOS2D_DEBUG=1 /D _CRT_SECURE_NO_WARNINGS /D _SCL_SECURE_NO_WARNINGS /D _VARIADIC_MAX=10 /D _USING_V110_SDK71_ /D _UNICODE /D UNICODE /Gm- /EHsc /RTC1 /MD /GS /fp:precise /Zc:wchar_t /Zc:forScope /Zc:inline /Fo"Debug.win32\\" /Fd"Debug.win32\vc140.pdb" /Gd /TP /wd4267 /wd4251 /wd4244 /analyze- /errorReport:prompt ..\Classes\GameScene.cpp ..\Classes\MainMenuScene.cpp
         GameScene.cpp
         MainMenuScene.cpp
       PreLinkEvent:
         if not exist "C:\Users\lauben\Documents\Cocos\CocosProjects\ECE2019-musicapp-3b616e19bcfc\proj.win32\Debug.win32\" mkdir "C:\Users\lauben\Documents\Cocos\CocosProjects\ECE2019-musicapp-3b616e19bcfc\proj.win32\Debug.win32\"
         xcopy /Y /Q "C:\Cocos\frameworks\cocos2d-x-3.8\prebuilt\win32\*.*" "C:\Users\lauben\Documents\Cocos\CocosProjects\ECE2019-musicapp-3b616e19bcfc\proj.win32\Debug.win32\"
         
         :VCEnd
         60 File(s) copied
       Link:
         C:\Program Files (x86)\Microsoft Visual Studio 14.0\VC\bin\link.exe /ERRORREPORT:PROMPT /OUT:"C:\Users\lauben\Documents\Cocos\CocosProjects\ECE2019-musicapp-3b616e19bcfc\proj.win32\Debug.win32\KaraokeProject.exe" /INCREMENTAL /NOLOGO /LIBPATH:"C:\Users\lauben\Documents\Cocos\CocosProjects\ECE2019-musicapp-3b616e19bcfc\proj.win32\Debug.win32\\" /LIBPATH:"C:\Users\lauben\Documents\Cocos\CocosProjects\ECE2019-musicapp-3b616e19bcfc\proj.win32\Debug.win32\\" opengl32.lib glew32.lib libzlib.lib libwebp.lib libiconv.lib freetype.lib winmm.lib ws2_32.lib kernel32.lib user32.lib gdi32.lib winspool.lib comdlg32.lib advapi32.lib shell32.lib ole32.lib oleaut32.lib uuid.lib odbc32.lib odbccp32.lib /MANIFEST /MANIFESTUAC:"level='asInvoker' uiAccess='false'" /manifest:embed /Debug /PDB:"C:\Users\lauben\Documents\Cocos\CocosProjects\ECE2019-musicapp-3b616e19bcfc\proj.win32\Debug.win32\KaraokeProject.pdb" /SUBSYSTEM:WINDOWS,"5.01" /TLBID:1 /DYNAMICBASE /NXCOMPAT /IMPLIB:"C:\Users\lauben\Documents\Cocos\CocosProjects\ECE2019-musicapp-3b616e19bcfc\proj.win32\Debug.win32\KaraokeProject.lib" /MACHINE:X86 /SAFESEH Debug.win32\game.res
         Debug.win32\AppDelegate.obj
         Debug.win32\GameOverScene.obj
         Debug.win32\GameScene.obj
         Debug.win32\LibraryScene.obj
         Debug.win32\MainMenuScene.obj
         Debug.win32\SettingsScene.obj
         Debug.win32\Splashscene.obj
         Debug.win32\main.obj
         KaraokeProject.vcxproj -> C:\Users\lauben\Documents\Cocos\CocosProjects\ECE2019-musicapp-3b616e19bcfc\proj.win32\Debug.win32\KaraokeProject.exe
       CustomBuildStep:
         if not exist "C:\Users\lauben\Documents\Cocos\CocosProjects\ECE2019-musicapp-3b616e19bcfc\proj.win32\Debug.win32\" mkdir "C:\Users\lauben\Documents\Cocos\CocosProjects\ECE2019-musicapp-3b616e19bcfc\proj.win32\Debug.win32\"
         xcopy "C:\Users\lauben\Documents\Cocos\CocosProjects\ECE2019-musicapp-3b616e19bcfc\proj.win32\..\Resources" "C:\Users\lauben\Documents\Cocos\CocosProjects\ECE2019-musicapp-3b616e19bcfc\proj.win32\Debug.win32\" /D /E /I /F /Y
               
         :VCEnd
         C:\Users\lauben\Documents\Cocos\CocosProjects\ECE2019-musicapp-3b616e19bcfc\Resources\res\Wip.png -> C:\Users\lauben\Documents\Cocos\CocosProjects\ECE2019-musicapp-3b616e19bcfc\proj.win32\Debug.win32\res\Wip.png
         1 File(s) copied
     1>Done Building Project "C:\Users\lauben\Documents\Cocos\CocosProjects\ECE2019-musicapp-3b616e19bcfc\proj.win32\KaraokeProject.vcxproj" (Build target(s)).

Build succeeded.

Time Elapsed 00:00:16.41
